This file contains any messages produced by compilers while
running configure, to aid debugging if configure makes a mistake.

It was created by emc configure VERSION, which was
generated by GNU Autoconf 2.69.  Invocation command line was

  $ ./configure 

## --------- ##
## Platform. ##
## --------- ##

hostname = delarge
uname -m = x86_64
uname -r = 3.11.0-15-generic
uname -s = Linux
uname -v = #25-Ubuntu SMP Thu Jan 30 17:22:01 UTC 2014

/usr/bin/uname -p = unknown
/bin/uname -X     = unknown

/bin/arch              = unknown
/usr/bin/arch -k       = unknown
/usr/convex/getsysinfo = unknown
/usr/bin/hostinfo      = unknown
/bin/machine           = unknown
/usr/bin/oslevel       = unknown
/bin/universe          = unknown

PATH: /home/ccarvalho/arcanist/arcanist/bin
PATH: /opt/e/e19/bin
PATH: /usr/lib/lightdm/lightdm
PATH: /usr/local/sbin
PATH: /usr/local/bin
PATH: /usr/sbin
PATH: /usr/bin
PATH: /sbin
PATH: /bin
PATH: /usr/games
PATH: /usr/local/games


## ----------- ##
## Core tests. ##
## ----------- ##

configure:1860: checking for g++
configure:1876: found /usr/bin/g++
configure:1887: result: g++
configure:1914: checking for C++ compiler version
configure:1923: g++ --version >&5
g++ (Ubuntu/Linaro 4.8.1-10ubuntu9) 4.8.1
Copyright (C) 2013 Free Software Foundation, Inc.
This is free software; see the source for copying conditions.  There is NO
warranty; not even for MERCHANTABILITY or FITNESS FOR A PARTICULAR PURPOSE.

configure:1934: $? = 0
configure:1923: g++ -v >&5
Using built-in specs.
COLLECT_GCC=g++
COLLECT_LTO_WRAPPER=/usr/lib/gcc/x86_64-linux-gnu/4.8/lto-wrapper
Target: x86_64-linux-gnu
Configured with: ../src/configure -v --with-pkgversion='Ubuntu/Linaro 4.8.1-10ubuntu9' --with-bugurl=file:///usr/share/doc/gcc-4.8/README.Bugs --enable-languages=c,c++,java,go,d,fortran,objc,obj-c++ --prefix=/usr --program-suffix=-4.8 --enable-shared --enable-linker-build-id --libexecdir=/usr/lib --without-included-gettext --enable-threads=posix --with-gxx-include-dir=/usr/include/c++/4.8 --libdir=/usr/lib --enable-nls --with-sysroot=/ --enable-clocale=gnu --enable-libstdcxx-debug --enable-libstdcxx-time=yes --enable-gnu-unique-object --enable-plugin --with-system-zlib --disable-browser-plugin --enable-java-awt=gtk --enable-gtk-cairo --with-java-home=/usr/lib/jvm/java-1.5.0-gcj-4.8-amd64/jre --enable-java-home --with-jvm-root-dir=/usr/lib/jvm/java-1.5.0-gcj-4.8-amd64 --with-jvm-jar-dir=/usr/lib/jvm-exports/java-1.5.0-gcj-4.8-amd64 --with-arch-directory=amd64 --with-ecj-jar=/usr/share/java/eclipse-ecj.jar --enable-objc-gc --enable-multiarch --disable-werror --with-arch-32=i686 --with-abi=m64 --with-multilib-list=m32,m64,mx32 --with-tune=generic --enable-checking=release --build=x86_64-linux-gnu --host=x86_64-linux-gnu --target=x86_64-linux-gnu
Thread model: posix
gcc version 4.8.1 (Ubuntu/Linaro 4.8.1-10ubuntu9) 
configure:1934: $? = 0
configure:1923: g++ -V >&5
g++: error: unrecognized command line option '-V'
g++: fatal error: no input files
compilation terminated.
configure:1934: $? = 4
configure:1923: g++ -qversion >&5
g++: error: unrecognized command line option '-qversion'
g++: fatal error: no input files
compilation terminated.
configure:1934: $? = 4
configure:1954: checking whether the C++ compiler works
configure:1976: g++ -O -march=native -g -ggdb3 -O -march=native -g -ggdb3  conftest.cpp  >&5
configure:1980: $? = 0
configure:2028: result: yes
configure:2031: checking for C++ compiler default output file name
configure:2033: result: a.out
configure:2039: checking for suffix of executables
configure:2046: g++ -o conftest -O -march=native -g -ggdb3 -O -march=native -g -ggdb3  conftest.cpp  >&5
configure:2050: $? = 0
configure:2072: result: 
configure:2094: checking whether we are cross compiling
configure:2102: g++ -o conftest -O -march=native -g -ggdb3 -O -march=native -g -ggdb3  conftest.cpp  >&5
configure:2106: $? = 0
configure:2113: ./conftest
configure:2117: $? = 0
configure:2132: result: no
configure:2137: checking for suffix of object files
configure:2159: g++ -c -O -march=native -g -ggdb3 -O -march=native -g -ggdb3 conftest.cpp >&5
configure:2163: $? = 0
configure:2184: result: o
configure:2188: checking whether we are using the GNU C++ compiler
configure:2207: g++ -c -O -march=native -g -ggdb3 -O -march=native -g -ggdb3 conftest.cpp >&5
configure:2207: $? = 0
configure:2216: result: yes
configure:2225: checking whether g++ accepts -g
configure:2245: g++ -c -g -O -march=native -g -ggdb3 conftest.cpp >&5
configure:2245: $? = 0
configure:2286: result: yes
configure:2357: checking for gcc
configure:2373: found /usr/bin/gcc
configure:2384: result: gcc
configure:2613: checking for C compiler version
configure:2622: gcc --version >&5
gcc (Ubuntu/Linaro 4.8.1-10ubuntu9) 4.8.1
Copyright (C) 2013 Free Software Foundation, Inc.
This is free software; see the source for copying conditions.  There is NO
warranty; not even for MERCHANTABILITY or FITNESS FOR A PARTICULAR PURPOSE.

configure:2633: $? = 0
configure:2622: gcc -v >&5
Using built-in specs.
COLLECT_GCC=gcc
COLLECT_LTO_WRAPPER=/usr/lib/gcc/x86_64-linux-gnu/4.8/lto-wrapper
Target: x86_64-linux-gnu
Configured with: ../src/configure -v --with-pkgversion='Ubuntu/Linaro 4.8.1-10ubuntu9' --with-bugurl=file:///usr/share/doc/gcc-4.8/README.Bugs --enable-languages=c,c++,java,go,d,fortran,objc,obj-c++ --prefix=/usr --program-suffix=-4.8 --enable-shared --enable-linker-build-id --libexecdir=/usr/lib --without-included-gettext --enable-threads=posix --with-gxx-include-dir=/usr/include/c++/4.8 --libdir=/usr/lib --enable-nls --with-sysroot=/ --enable-clocale=gnu --enable-libstdcxx-debug --enable-libstdcxx-time=yes --enable-gnu-unique-object --enable-plugin --with-system-zlib --disable-browser-plugin --enable-java-awt=gtk --enable-gtk-cairo --with-java-home=/usr/lib/jvm/java-1.5.0-gcj-4.8-amd64/jre --enable-java-home --with-jvm-root-dir=/usr/lib/jvm/java-1.5.0-gcj-4.8-amd64 --with-jvm-jar-dir=/usr/lib/jvm-exports/java-1.5.0-gcj-4.8-amd64 --with-arch-directory=amd64 --with-ecj-jar=/usr/share/java/eclipse-ecj.jar --enable-objc-gc --enable-multiarch --disable-werror --with-arch-32=i686 --with-abi=m64 --with-multilib-list=m32,m64,mx32 --with-tune=generic --enable-checking=release --build=x86_64-linux-gnu --host=x86_64-linux-gnu --target=x86_64-linux-gnu
Thread model: posix
gcc version 4.8.1 (Ubuntu/Linaro 4.8.1-10ubuntu9) 
configure:2633: $? = 0
configure:2622: gcc -V >&5
gcc: error: unrecognized command line option '-V'
gcc: fatal error: no input files
compilation terminated.
configure:2633: $? = 4
configure:2622: gcc -qversion >&5
gcc: error: unrecognized command line option '-qversion'
gcc: fatal error: no input files
compilation terminated.
configure:2633: $? = 4
configure:2637: checking whether we are using the GNU C compiler
configure:2656: gcc -c -O -march=native -g -ggdb3 -O -march=native -g -ggdb3 conftest.c >&5
configure:2656: $? = 0
configure:2665: result: yes
configure:2674: checking whether gcc accepts -g
configure:2694: gcc -c -g -O -march=native -g -ggdb3 conftest.c >&5
configure:2694: $? = 0
configure:2735: result: yes
configure:2752: checking for gcc option to accept ISO C89
configure:2815: gcc  -c -O -march=native -g -ggdb3 -O -march=native -g -ggdb3 conftest.c >&5
configure:2815: $? = 0
configure:2828: result: none needed
configure:2848: checking whether make sets $(MAKE)
configure:2870: result: yes
configure:2936: checking for pkg-config
configure:2954: found /usr/bin/pkg-config
configure:2966: result: /usr/bin/pkg-config
configure:2991: checking pkg-config is at least version 0.9.0
configure:2994: result: yes
configure:3004: checking for EMC
configure:3018: $PKG_CONFIG --exists --print-errors "
 eo >= 1.11.0
 eina >= 1.11.0
 evas >= 1.11.0
 ecore >= 1.11.0
 edje >= 1.11.0
 elementary >= 1.11.0
"
configure:3028: $? = 0
configure:3056: $PKG_CONFIG --exists --print-errors "
 eo >= 1.11.0
 eina >= 1.11.0
 evas >= 1.11.0
 ecore >= 1.11.0
 edje >= 1.11.0
 elementary >= 1.11.0
"
configure:3066: $? = 0
configure:3152: result: yes
configure:3282: creating ./config.status

## ---------------------- ##
## Running config.status. ##
## ---------------------- ##

This file was extended by emc config.status VERSION, which was
generated by GNU Autoconf 2.69.  Invocation command line was

  CONFIG_FILES    = 
  CONFIG_HEADERS  = 
  CONFIG_LINKS    = 
  CONFIG_COMMANDS = 
  $ ./config.status 

on delarge

config.status:806: creating Makefile
config.status:806: creating src/Makefile
config.status:806: creating config.h
config.status:976: config.h is unchanged

## ---------------- ##
## Cache variables. ##
## ---------------- ##

ac_cv_c_compiler_gnu=yes
ac_cv_cxx_compiler_gnu=yes
ac_cv_env_CCC_set=
ac_cv_env_CCC_value=
ac_cv_env_CC_set=
ac_cv_env_CC_value=
ac_cv_env_CFLAGS_set=set
ac_cv_env_CFLAGS_value='-O -march=native -g -ggdb3'
ac_cv_env_CPPFLAGS_set=set
ac_cv_env_CPPFLAGS_value='-O -march=native -g -ggdb3'
ac_cv_env_CXXFLAGS_set=set
ac_cv_env_CXXFLAGS_value='-O -march=native -g -ggdb3'
ac_cv_env_CXX_set=
ac_cv_env_CXX_value=
ac_cv_env_EMC_CFLAGS_set=
ac_cv_env_EMC_CFLAGS_value=
ac_cv_env_EMC_LIBS_set=
ac_cv_env_EMC_LIBS_value=
ac_cv_env_LDFLAGS_set=
ac_cv_env_LDFLAGS_value=
ac_cv_env_LIBS_set=
ac_cv_env_LIBS_value=
ac_cv_env_PKG_CONFIG_LIBDIR_set=
ac_cv_env_PKG_CONFIG_LIBDIR_value=
ac_cv_env_PKG_CONFIG_PATH_set=set
ac_cv_env_PKG_CONFIG_PATH_value=/home/ccarvalho/.dev/lib/pkgconfig
ac_cv_env_PKG_CONFIG_set=
ac_cv_env_PKG_CONFIG_value=
ac_cv_env_build_alias_set=
ac_cv_env_build_alias_value=
ac_cv_env_host_alias_set=
ac_cv_env_host_alias_value=
ac_cv_env_target_alias_set=
ac_cv_env_target_alias_value=
ac_cv_objext=o
ac_cv_path_ac_pt_PKG_CONFIG=/usr/bin/pkg-config
ac_cv_prog_ac_ct_CC=gcc
ac_cv_prog_ac_ct_CXX=g++
ac_cv_prog_cc_c89=
ac_cv_prog_cc_g=yes
ac_cv_prog_cxx_g=yes
ac_cv_prog_make_make_set=yes
pkg_cv_EMC_CFLAGS='-pthread -D_REENTRANT -I/home/ccarvalho/.dev/include/efl-1 -I/home/ccarvalho/.dev/include/eo-1 -I/home/ccarvalho/.dev/include/eina-1 -I/home/ccarvalho/.dev/include/eina-1/eina -I/home/ccarvalho/.dev/include/evas-1 -I/home/ccarvalho/.dev/include/eet-1 -I/home/ccarvalho/.dev/include/ecore-1 -I/home/ccarvalho/.dev/include/edje-1 -I/home/ccarvalho/.dev/include/ecore-audio-1 -I/home/ccarvalho/.dev/include/ephysics-1 -I/home/ccarvalho/.dev/include/eio-1 -I/home/ccarvalho/.dev/include/embryo-1 -I/home/ccarvalho/.dev/include/ecore-imf-evas-1 -I/home/ccarvalho/.dev/include/ecore-imf-1 -I/home/ccarvalho/.dev/include/ecore-input-1 -I/home/ccarvalho/.dev/include/ecore-file-1 -I/home/ccarvalho/.dev/include/ecore-evas-1 -I/home/ccarvalho/.dev/include/ecore-con-1 -I/home/ccarvalho/.dev/include/ecore-input-evas-1 -I/home/ccarvalho/.dev/include/elementary-1 -I/home/ccarvalho/.dev/include/ecore-x-1 -I/home/ccarvalho/.dev/include/ethumb-client-1 -I/home/ccarvalho/.dev/include/emotion-1 -I/home/ccarvalho/.dev/include/eldbus-1 -I/home/ccarvalho/.dev/include/efreet-1 -I/home/ccarvalho/.dev/include/eo-cxx-1 -I/home/ccarvalho/.dev/include/eina-cxx-1 -I/home/ccarvalho/.dev/include/eina-cxx-1/eina-cxx -I/home/ccarvalho/.dev/include/evas-cxx-1 -I/home/ccarvalho/.dev/include/evas-cxx-1/canvas -I/home/ccarvalho/.dev/include/evas-1/canvas -I/home/ccarvalho/.dev/include/ethumb-1 -I/home/ccarvalho/.dev/include/eeze-1 -I/usr//include/luajit-2.0 -I/usr/include/libpng12 -I/usr/include/fribidi -I/usr/include/freetype2 -I/usr/include/glib-2.0 -I/usr/lib/x86_64-linux-gnu/glib-2.0/include -I/usr/include/bullet -I/usr/include/dbus-1.0 -I/usr/lib/x86_64-linux-gnu/dbus-1.0/include -I/usr/include/libmount -I/usr/include/blkid -I/usr/include/uuid  '
pkg_cv_EMC_LIBS='-L/home/ccarvalho/.dev/lib -lelementary -lm -leina -lpthread -leet -levas -lecore -lecore_evas -lecore_file -lecore_input -ledje -leo -lethumb_client -lemotion -lecore_imf -lecore_con -leldbus -lefreet -lefreet_mime -lefreet_trash -leio  '

## ----------------- ##
## Output variables. ##
## ----------------- ##

CC='gcc'
CFLAGS='-O -march=native -g -ggdb3'
CPPFLAGS='-O -march=native -g -ggdb3'
CXX='g++'
CXXFLAGS='-O -march=native -g -ggdb3'
DEFS='-DHAVE_CONFIG_H'
ECHO_C=''
ECHO_N='-n'
ECHO_T=''
EMC_CFLAGS='-pthread -D_REENTRANT -I/home/ccarvalho/.dev/include/efl-1 -I/home/ccarvalho/.dev/include/eo-1 -I/home/ccarvalho/.dev/include/eina-1 -I/home/ccarvalho/.dev/include/eina-1/eina -I/home/ccarvalho/.dev/include/evas-1 -I/home/ccarvalho/.dev/include/eet-1 -I/home/ccarvalho/.dev/include/ecore-1 -I/home/ccarvalho/.dev/include/edje-1 -I/home/ccarvalho/.dev/include/ecore-audio-1 -I/home/ccarvalho/.dev/include/ephysics-1 -I/home/ccarvalho/.dev/include/eio-1 -I/home/ccarvalho/.dev/include/embryo-1 -I/home/ccarvalho/.dev/include/ecore-imf-evas-1 -I/home/ccarvalho/.dev/include/ecore-imf-1 -I/home/ccarvalho/.dev/include/ecore-input-1 -I/home/ccarvalho/.dev/include/ecore-file-1 -I/home/ccarvalho/.dev/include/ecore-evas-1 -I/home/ccarvalho/.dev/include/ecore-con-1 -I/home/ccarvalho/.dev/include/ecore-input-evas-1 -I/home/ccarvalho/.dev/include/elementary-1 -I/home/ccarvalho/.dev/include/ecore-x-1 -I/home/ccarvalho/.dev/include/ethumb-client-1 -I/home/ccarvalho/.dev/include/emotion-1 -I/home/ccarvalho/.dev/include/eldbus-1 -I/home/ccarvalho/.dev/include/efreet-1 -I/home/ccarvalho/.dev/include/eo-cxx-1 -I/home/ccarvalho/.dev/include/eina-cxx-1 -I/home/ccarvalho/.dev/include/eina-cxx-1/eina-cxx -I/home/ccarvalho/.dev/include/evas-cxx-1 -I/home/ccarvalho/.dev/include/evas-cxx-1/canvas -I/home/ccarvalho/.dev/include/evas-1/canvas -I/home/ccarvalho/.dev/include/ethumb-1 -I/home/ccarvalho/.dev/include/eeze-1 -I/usr//include/luajit-2.0 -I/usr/include/libpng12 -I/usr/include/fribidi -I/usr/include/freetype2 -I/usr/include/glib-2.0 -I/usr/lib/x86_64-linux-gnu/glib-2.0/include -I/usr/include/bullet -I/usr/include/dbus-1.0 -I/usr/lib/x86_64-linux-gnu/dbus-1.0/include -I/usr/include/libmount -I/usr/include/blkid -I/usr/include/uuid  '
EMC_LIBS='-L/home/ccarvalho/.dev/lib -lelementary -lm -leina -lpthread -leet -levas -lecore -lecore_evas -lecore_file -lecore_input -ledje -leo -lethumb_client -lemotion -lecore_imf -lecore_con -leldbus -lefreet -lefreet_mime -lefreet_trash -leio  '
EXEEXT=''
LDFLAGS=''
LIBOBJS=''
LIBS=''
LTLIBOBJS=''
OBJEXT='o'
PACKAGE_BUGREPORT='BUG-REPORT-ADDRESS'
PACKAGE_NAME='emc'
PACKAGE_STRING='emc VERSION'
PACKAGE_TARNAME='emc'
PACKAGE_URL=''
PACKAGE_VERSION='VERSION'
PATH_SEPARATOR=':'
PKG_CONFIG='/usr/bin/pkg-config'
PKG_CONFIG_LIBDIR=''
PKG_CONFIG_PATH='/home/ccarvalho/.dev/lib/pkgconfig'
SET_MAKE=''
SHELL='/bin/bash'
ac_ct_CC='gcc'
ac_ct_CXX='g++'
bindir='${exec_prefix}/bin'
build_alias=''
datadir='${datarootdir}'
datarootdir='${prefix}/share'
docdir='${datarootdir}/doc/${PACKAGE_TARNAME}'
dvidir='${docdir}'
exec_prefix='${prefix}'
host_alias=''
htmldir='${docdir}'
includedir='${prefix}/include'
infodir='${datarootdir}/info'
libdir='${exec_prefix}/lib'
libexecdir='${exec_prefix}/libexec'
localedir='${datarootdir}/locale'
localstatedir='${prefix}/var'
mandir='${datarootdir}/man'
oldincludedir='/usr/include'
pdfdir='${docdir}'
prefix='/usr/local'
program_transform_name='s,x,x,'
psdir='${docdir}'
sbindir='${exec_prefix}/sbin'
sharedstatedir='${prefix}/com'
sysconfdir='${prefix}/etc'
target_alias=''

## ----------- ##
## confdefs.h. ##
## ----------- ##

/* confdefs.h */
#define PACKAGE_NAME "emc"
#define PACKAGE_TARNAME "emc"
#define PACKAGE_VERSION "VERSION"
#define PACKAGE_STRING "emc VERSION"
#define PACKAGE_BUGREPORT "BUG-REPORT-ADDRESS"
#define PACKAGE_URL ""

configure: exit 0
